<?xml version="1.0" encoding="utf-8"?>
<LinearLayout xmlns:android="http://schemas.android.com/apk/res/android"
    android:layout_width="fill_parent"
    android:layout_height="fill_parent"
    android:orientation="vertical" 
    android:background="@drawable/result_bg">
    <TextView 
    android:id="@+id/test_result_text"
    android:layout_width="wrap_content"
    android:layout_height="wrap_content"
    android:layout_margin="5dip"
    android:paddingLeft="3dip"
    android:layout_gravity="center_vertical|left"
    android:textColor="#007f00"
    android:text="@string/TestResultTitleString"/>
    
  <LinearLayout 
    android:layout_width="fill_parent" 
    android:layout_height="match_parent"
    android:orientation="vertical"
    android:layout_marginBottom="10dip"
    android:background="@drawable/list_bg_set">
<LinearLayout 
         android:layout_height="32px"
         android:layout_width="fill_parent"
         android:orientation="horizontal">
         <TextView
            android:layout_column="0"
            android:layout_weight="2"
            android:layout_width="0px"
            android:layout_height="32px" 
            android:gravity="center"
            android:text="@string/test_result_ID_title"
            style="@style/TableTextStyleTitle"/>
        <View 
            android:layout_column="1" 
            android:layout_width="1px"
            android:layout_height="32px" 
            android:background="@drawable/line_v" />
        <TextView 
            android:layout_column="2" 
            android:layout_width="0px"
            android:layout_weight="6"
            android:layout_height="32px" 
            android:gravity="center"
            android:text="@string/test_result_case_title"
            style="@style/TableTextStyleTitle">
        </TextView>
        <View 
            android:layout_column="3" 
            android:layout_width="1px"
            android:layout_height="32px" 
            android:background="@drawable/line_v" />
        <TextView 
            android:id="@+id/test_result"
            android:layout_column="4" 
            android:layout_width="0px"
            android:layout_weight="2"
            android:layout_height="32px" 
            android:gravity="center"
            android:text="@string/test_result_result_title"
            style="@style/TableTextStyleTitle">
        </TextView>
    </LinearLayout>
    <View 
            android:layout_width="fill_parent"
            android:layout_height="1px" 
            android:background="@color/divider_line_color"/>
<ListView
    android:id="@+id/listview_layout"
    android:layout_width="fill_parent" 
    android:layout_height="fill_parent"
    android:divider="@drawable/line_h"
    android:scrollingCache = "false"
    android:scrollbars="none"
    android:fadingEdge = "none"
    android:dividerHeight="2px">
    <!--android:overScrollMode="never">  -->
</ListView>
</LinearLayout>
</LinearLayout>